/usr/local/lib/python3.8/dist-packages/setuptools/dist.py:498: SetuptoolsDeprecationWarning: Invalid dash-separated options
!!

        ********************************************************************************
        Usage of dash-separated 'script-dir' will not be supported in future
        versions. Please use the underscore name 'script_dir' instead.

        This deprecation is overdue, please update your project and remove deprecated
        calls to avoid build errors in the future.

        See https://setuptools.pypa.io/en/latest/userguide/declarative_config.html for details.
        ********************************************************************************

!!
  opt = self.warn_dash_deprecation(opt, section)
running egg_info
writing ../../build/drone_control/drone_control.egg-info/PKG-INFO
writing dependency_links to ../../build/drone_control/drone_control.egg-info/dependency_links.txt
writing entry points to ../../build/drone_control/drone_control.egg-info/entry_points.txt
writing requirements to ../../build/drone_control/drone_control.egg-info/requires.txt
writing top-level names to ../../build/drone_control/drone_control.egg-info/top_level.txt
reading manifest file '../../build/drone_control/drone_control.egg-info/SOURCES.txt'
writing manifest file '../../build/drone_control/drone_control.egg-info/SOURCES.txt'
running build
running build_py
running install
running install_lib
running install_data
running install_egg_info
removing '/home/jetson/ros2_ws/install/drone_control/lib/python3.8/site-packages/drone_control-0.0.0-py3.8.egg-info' (and everything under it)
Copying ../../build/drone_control/drone_control.egg-info to /home/jetson/ros2_ws/install/drone_control/lib/python3.8/site-packages/drone_control-0.0.0-py3.8.egg-info
running install_scripts
Installing flight_control_node script to /home/jetson/ros2_ws/install/drone_control/lib/drone_control
writing list of installed files to '/home/jetson/ros2_ws/build/drone_control/install.log'
