running egg_info
creating ../../build/drone_control/drone_control.egg-info
writing ../../build/drone_control/drone_control.egg-info/PKG-INFO
writing dependency_links to ../../build/drone_control/drone_control.egg-info/dependency_links.txt
writing requirements to ../../build/drone_control/drone_control.egg-info/requires.txt
writing top-level names to ../../build/drone_control/drone_control.egg-info/top_level.txt
writing manifest file '../../build/drone_control/drone_control.egg-info/SOURCES.txt'
reading manifest file '../../build/drone_control/drone_control.egg-info/SOURCES.txt'
writing manifest file '../../build/drone_control/drone_control.egg-info/SOURCES.txt'
running build
running build_py
creating /home/jetson/ros2_ws/build/drone_control/build
creating /home/jetson/ros2_ws/build/drone_control/build/lib
creating /home/jetson/ros2_ws/build/drone_control/build/lib/drone_control
copying drone_control/__init__.py -> /home/jetson/ros2_ws/build/drone_control/build/lib/drone_control
copying drone_control/flight_control.py -> /home/jetson/ros2_ws/build/drone_control/build/lib/drone_control
running install
running install_lib
creating /home/jetson/ros2_ws/install/drone_control/lib/python3.8/site-packages/drone_control
copying /home/jetson/ros2_ws/build/drone_control/build/lib/drone_control/__init__.py -> /home/jetson/ros2_ws/install/drone_control/lib/python3.8/site-packages/drone_control
copying /home/jetson/ros2_ws/build/drone_control/build/lib/drone_control/flight_control.py -> /home/jetson/ros2_ws/install/drone_control/lib/python3.8/site-packages/drone_control
byte-compiling /home/jetson/ros2_ws/install/drone_control/lib/python3.8/site-packages/drone_control/__init__.py to __init__.cpython-38.pyc
byte-compiling /home/jetson/ros2_ws/install/drone_control/lib/python3.8/site-packages/drone_control/flight_control.py to flight_control.cpython-38.pyc
running install_data
creating /home/jetson/ros2_ws/install/drone_control/share/ament_index
creating /home/jetson/ros2_ws/install/drone_control/share/ament_index/resource_index
creating /home/jetson/ros2_ws/install/drone_control/share/ament_index/resource_index/packages
copying resource/drone_control -> /home/jetson/ros2_ws/install/drone_control/share/ament_index/resource_index/packages
copying package.xml -> /home/jetson/ros2_ws/install/drone_control/share/drone_control
running install_egg_info
Copying ../../build/drone_control/drone_control.egg-info to /home/jetson/ros2_ws/install/drone_control/lib/python3.8/site-packages/drone_control-0.0.0-py3.8.egg-info
running install_scripts
writing list of installed files to '/home/jetson/ros2_ws/build/drone_control/install.log'
